app/build/outputs/logs/manifest-merger-debug-report.txt
-- Merging decision tree log ---
manifest
ADDED from src/main/AndroidManifest.xml:2:1-57:12
	package
		ADDED from src/main/AndroidManifest.xml:2:11-50
		INJECTED from src/main/AndroidManifest.xml
		INJECTED from src/main/AndroidManifest.xml
	android:versionName
		ADDED from src/main/AndroidManifest.xml:4:2-28
		INJECTED from src/main/AndroidManifest.xml
		INJECTED from src/main/AndroidManifest.xml
	android:versionCode
		ADDED from src/main/AndroidManifest.xml:4:29-53
		INJECTED from src/main/AndroidManifest.xml
		INJECTED from src/main/AndroidManifest.xml
	xmlns:android
		ADDED from src/main/AndroidManifest.xml:3:33-91
	android:installLocation
		ADDED from src/main/AndroidManifest.xml:3:2-32
application
ADDED from src/main/AndroidManifest.xml:5:2-44:16
	android:label
		ADDED from src/main/AndroidManifest.xml:5:45-77
	android:testOnly
		ADDED from src/main/AndroidManifest.xml:8:3-27
	android:icon
		ADDED from src/main/AndroidManifest.xml:5:15-44
	android:restoreAnyVersion
		ADDED from src/main/AndroidManifest.xml:6:4-37
	android:theme
		ADDED from src/main/AndroidManifest.xml:7:42-72
	android:restoreNeedsApplication
		ADDED from src/main/AndroidManifest.xml:7:3-41
activity#uk.colessoft.android.hilllist.activities.SplashScreenActivity
ADDED from src/main/AndroidManifest.xml:10:3-17:14
	android:label
		ADDED from src/main/AndroidManifest.xml:10:14-46
	android:name
		ADDED from src/main/AndroidManifest.xml:11:4-51
intent-filter#android.intent.action.MAIN+android.intent.category.LAUNCHER
ADDED from src/main/AndroidManifest.xml:13:4-16:20
action#android.intent.action.MAIN
ADDED from src/main/AndroidManifest.xml:14:5-57
	android:name
		ADDED from src/main/AndroidManifest.xml:14:13-54
category#android.intent.category.LAUNCHER
ADDED from src/main/AndroidManifest.xml:15:5-65
	android:name
		ADDED from src/main/AndroidManifest.xml:15:15-62
activity#uk.colessoft.android.hilllist.activities.DisplayHillListFragmentActivity
ADDED from src/main/AndroidManifest.xml:19:3-83
	android:name
		ADDED from src/main/AndroidManifest.xml:19:13-71
uses-library#com.google.android.maps
ADDED from src/main/AndroidManifest.xml:20:3-58
	android:name
		ADDED from src/main/AndroidManifest.xml:20:17-55
activity#uk.colessoft.android.hilllist.activities.HillDetailFragmentActivity
ADDED from src/main/AndroidManifest.xml:21:3-22:44
	android:label
		ADDED from src/main/AndroidManifest.xml:22:4-32
	android:name
		ADDED from src/main/AndroidManifest.xml:21:13-66
activity#uk.colessoft.android.hilllist.activities.Main
ADDED from src/main/AndroidManifest.xml:23:3-56
	android:name
		ADDED from src/main/AndroidManifest.xml:23:13-44
activity#uk.colessoft.android.hilllist.activities.AboutActivity
ADDED from src/main/AndroidManifest.xml:24:3-65
	android:name
		ADDED from src/main/AndroidManifest.xml:24:13-53
activity#uk.colessoft.android.hilllist.activities.BaggingExportActivity
ADDED from src/main/AndroidManifest.xml:25:3-73
	android:name
		ADDED from src/main/AndroidManifest.xml:25:13-61
activity#uk.colessoft.android.hilllist.activities.BusinessSearchMapActivity
ADDED from src/main/AndroidManifest.xml:26:3-77
	android:name
		ADDED from src/main/AndroidManifest.xml:26:13-65
activity#uk.colessoft.android.hilllist.activities.NearbyHillsFragmentActivity
ADDED from src/main/AndroidManifest.xml:27:3-79
	android:name
		ADDED from src/main/AndroidManifest.xml:27:13-67
activity#uk.colessoft.android.hilllist.activities.NearbyHillsMapFragmentActivity
ADDED from src/main/AndroidManifest.xml:28:3-82
	android:name
		ADDED from src/main/AndroidManifest.xml:28:13-70
activity#uk.colessoft.android.hilllist.activities.ListHillsMapFragmentActivity
ADDED from src/main/AndroidManifest.xml:29:3-80
	android:name
		ADDED from src/main/AndroidManifest.xml:29:13-68
activity#uk.colessoft.android.hilllist.activities.CheckHillListActivity
ADDED from src/main/AndroidManifest.xml:30:3-73
	android:name
		ADDED from src/main/AndroidManifest.xml:30:13-61
activity#uk.colessoft.android.hilllist.activities.DetailGMapActivity
ADDED from src/main/AndroidManifest.xml:31:3-70
	android:name
		ADDED from src/main/AndroidManifest.xml:31:13-58
activity#uk.colessoft.android.hilllist.activities.BusinessDetailActivity
ADDED from src/main/AndroidManifest.xml:32:3-74
	android:name
		ADDED from src/main/AndroidManifest.xml:32:13-62
activity#uk.colessoft.android.hilllist.activities.ScottishHillsActivity
ADDED from src/main/AndroidManifest.xml:33:3-34:60
	android:label
		ADDED from src/main/AndroidManifest.xml:34:4-48
	android:name
		ADDED from src/main/AndroidManifest.xml:33:13-61
activity#uk.colessoft.android.hilllist.activities.WelshHillsActivity
ADDED from src/main/AndroidManifest.xml:35:3-36:57
	android:label
		ADDED from src/main/AndroidManifest.xml:36:4-45
	android:name
		ADDED from src/main/AndroidManifest.xml:35:13-58
activity#uk.colessoft.android.hilllist.activities.EnglishHillsActivity
ADDED from src/main/AndroidManifest.xml:37:3-38:59
	android:label
		ADDED from src/main/AndroidManifest.xml:38:4-47
	android:name
		ADDED from src/main/AndroidManifest.xml:37:13-60
activity#uk.colessoft.android.hilllist.activities.OtherGBHillsActivity
ADDED from src/main/AndroidManifest.xml:39:3-40:63
	android:label
		ADDED from src/main/AndroidManifest.xml:39:13-57
	android:name
		ADDED from src/main/AndroidManifest.xml:40:4-51
activity#uk.colessoft.android.hilllist.activities.PreferencesActivity
ADDED from src/main/AndroidManifest.xml:41:3-71
	android:name
		ADDED from src/main/AndroidManifest.xml:41:13-59
activity#uk.colessoft.android.hilllist.activities.ImageSearchActivity
ADDED from src/main/AndroidManifest.xml:42:3-71
	android:name
		ADDED from src/main/AndroidManifest.xml:42:13-59
activity#uk.colessoft.android.hilllist.activities.OsMapActivity
ADDED from src/main/AndroidManifest.xml:43:3-65
	android:name
		ADDED from src/main/AndroidManifest.xml:43:13-53
uses-sdk
ADDED from src/main/AndroidManifest.xml:45:2-70
	android:targetSdkVersion
		ADDED from src/main/AndroidManifest.xml:45:38-67
		INJECTED from src/main/AndroidManifest.xml
		INJECTED from src/main/AndroidManifest.xml
	android:minSdkVersion
		ADDED from src/main/AndroidManifest.xml:45:12-37
		INJECTED from src/main/AndroidManifest.xml
		INJECTED from src/main/AndroidManifest.xml
uses-permission#android.permission.WRITE_EXTERNAL_STORAGE
ADDED from src/main/AndroidManifest.xml:46:2-78
	android:name
		ADDED from src/main/AndroidManifest.xml:46:19-75
uses-permission#android.permission.ACCESS_FINE_LOCATION
ADDED from src/main/AndroidManifest.xml:47:2-76
	android:name
		ADDED from src/main/AndroidManifest.xml:47:19-73
uses-permission#android.permission.INTERNET
ADDED from src/main/AndroidManifest.xml:48:2-64
	android:name
		ADDED from src/main/AndroidManifest.xml:48:19-61
supports-screens
ADDED from src/main/AndroidManifest.xml:50:2-55:46
	android:largeScreens
		ADDED from src/main/AndroidManifest.xml:53:19-46
	android:smallScreens
		ADDED from src/main/AndroidManifest.xml:51:19-46
	android:normalScreens
		ADDED from src/main/AndroidManifest.xml:52:19-47
	android:xlargeScreens
		ADDED from src/main/AndroidManifest.xml:54:19-47
	android:resizeable
		ADDED from src/main/AndroidManifest.xml:50:20-45
	android:anyDensity
		ADDED from src/main/AndroidManifest.xml:55:19-44